2014-07-29 13:47:04,674 - Log4JLogChute initialized using file 'velocity.log'
2014-07-29 13:47:04,675 - Starting Apache Velocity v1.5 (compiled: 2007-02-22 08:52:29)
2014-07-29 13:47:04,675 - Default Properties File: org/apache/velocity/runtime/defaults/velocity.properties
2014-07-29 13:47:04,675 - Trying to use logger class org.apache.velocity.runtime.log.AvalonLogChute
2014-07-29 13:47:04,675 - Couldn't find class org.apache.velocity.runtime.log.AvalonLogChute or necessary supporting classes in classpath.
java.lang.NoClassDefFoundError: org/apache/log/format/Formatter
	at java.lang.Class.forName0(Native Method)
	at java.lang.Class.forName(Class.java:340)
	at org.apache.velocity.util.ClassUtils.getClass(ClassUtils.java:63)
	at org.apache.velocity.util.ClassUtils.getNewInstance(ClassUtils.java:95)
	at org.apache.velocity.runtime.log.LogManager.createLogChute(LogManager.java:147)
	at org.apache.velocity.runtime.log.LogManager.updateLog(LogManager.java:208)
	at org.apache.velocity.runtime.RuntimeInstance.initializeLog(RuntimeInstance.java:728)
	at org.apache.velocity.runtime.RuntimeInstance.init(RuntimeInstance.java:240)
	at org.apache.velocity.runtime.RuntimeInstance.init(RuntimeInstance.java:534)
	at org.apache.velocity.app.VelocityEngine.init(VelocityEngine.java:144)
	at com.amazonaws.mturk.addon.HITQuestion.<init>(HITQuestion.java:69)
	at turkhit.TurkHIT.postOneQuestion(TurkHIT.java:151)
	at turkhit.TurkHIT.postAllQuestions(TurkHIT.java:192)
	at turkhit.TurkHIT.main(TurkHIT.java:420)
Caused by: java.lang.ClassNotFoundException: org.apache.log.format.Formatter
	at java.net.URLClassLoader$1.run(URLClassLoader.java:372)
	at java.net.URLClassLoader$1.run(URLClassLoader.java:361)
	at java.security.AccessController.doPrivileged(Native Method)
	at java.net.URLClassLoader.findClass(URLClassLoader.java:360)
	at java.lang.ClassLoader.loadClass(ClassLoader.java:424)
	at sun.misc.Launcher$AppClassLoader.loadClass(Launcher.java:308)
	at java.lang.ClassLoader.loadClass(ClassLoader.java:357)
	... 14 more
2014-07-29 13:47:04,676 - Trying to use logger class org.apache.velocity.runtime.log.Log4JLogChute
2014-07-29 13:47:04,677 - Using logger class org.apache.velocity.runtime.log.Log4JLogChute
2014-07-29 13:47:04,679 - Default ResourceManager initializing. (class org.apache.velocity.runtime.resource.ResourceManagerImpl)
2014-07-29 13:47:04,681 - ResourceLoader instantiated: org.apache.velocity.runtime.resource.loader.FileResourceLoader
2014-07-29 13:47:04,682 - Do unicode file recognition:  false
2014-07-29 13:47:04,682 - FileResourceLoader : adding path '.'
2014-07-29 13:47:04,691 - ResourceCache: initialized (class org.apache.velocity.runtime.resource.ResourceCacheImpl)
2014-07-29 13:47:04,692 - Loaded System Directive: org.apache.velocity.runtime.directive.Literal
2014-07-29 13:47:04,693 - Loaded System Directive: org.apache.velocity.runtime.directive.Macro
2014-07-29 13:47:04,694 - Loaded System Directive: org.apache.velocity.runtime.directive.Parse
2014-07-29 13:47:04,695 - Loaded System Directive: org.apache.velocity.runtime.directive.Include
2014-07-29 13:47:04,696 - Loaded System Directive: org.apache.velocity.runtime.directive.Foreach
2014-07-29 13:47:04,715 - Created '20' parsers.
2014-07-29 13:47:04,719 - Velocimacro : "velocimacro.library" is not set.  Trying default library: VM_global_library.vm
2014-07-29 13:47:04,720 - Velocimacro : Default library not found.
2014-07-29 13:47:04,720 - Velocimacro : allowInline = true : VMs can be defined inline in templates
2014-07-29 13:47:04,720 - Velocimacro : allowInlineToOverride = false : VMs defined inline may NOT replace previous VM definitions
2014-07-29 13:47:04,720 - Velocimacro : allowInlineLocal = false : VMs defined inline will be global in scope if allowed.
2014-07-29 13:47:04,720 - Velocimacro : autoload off : VM system will not automatically reload global library macros
2014-07-29 13:47:04,725 - ResourceManager : found tweet.question with loader org.apache.velocity.runtime.resource.loader.FileResourceLoader
